This is cutadapt 5.1 with Python 3.10.18
Command line parameters: -j 4 -a AGATCGGAAGAGC -A AGATCGGAAGAGC -q 20 --minimum-length 50 -o pseudo_sample3_R1.trimmed.fastq.gz -p pseudo_sample3_R2.trimmed.fastq.gz pseudo_sample3_1.fastq pseudo_sample3_2.fastq
Processing paired-end reads on 4 cores ...

=== Summary ===

Total read pairs processed:            100,000
  Read 1 with adapter:                   3,458 (3.5%)
  Read 2 with adapter:                     246 (0.2%)

== Read fate breakdown ==
Pairs that were too short:               2,465 (2.5%)
Pairs written (passing filters):        97,535 (97.5%)

Total basepairs processed:    20,000,000 bp
  Read 1:    10,000,000 bp
  Read 2:    10,000,000 bp
Quality-trimmed:                 310,781 bp (1.6%)
  Read 1:       106,470 bp
  Read 2:       204,311 bp
Total written (filtered):     19,361,570 bp (96.8%)
  Read 1:     9,680,949 bp
  Read 2:     9,680,621 bp

=== First read: Adapter 1 ===

Sequence: AGATCGGAAGAGC; Type: regular 3'; Length: 13; Trimmed: 3458 times

Minimum overlap: 3
No. of allowed errors:
1-9 bp: 0; 10-13 bp: 1

Bases preceding removed adapters:
  A: 30.9%
  C: 0.1%
  G: 26.5%
  T: 42.1%
  none/other: 0.3%

Overview of removed sequences
length	count	expect	max.err	error counts
3	2327	1562.5	0	2327
4	864	390.6	0	864
5	18	97.7	0	18
6	16	24.4	0	16
7	10	6.1	0	10
8	10	1.5	0	10
9	20	0.4	0	16 4
10	13	0.1	1	10 3
11	7	0.0	1	5 2
12	12	0.0	1	12
13	5	0.0	1	5
14	7	0.0	1	7
15	8	0.0	1	7 1
16	3	0.0	1	3
17	7	0.0	1	7
18	4	0.0	1	4
19	5	0.0	1	5
20	7	0.0	1	7
21	8	0.0	1	8
22	4	0.0	1	4
23	5	0.0	1	5
24	4	0.0	1	4
25	7	0.0	1	7
26	5	0.0	1	5
27	3	0.0	1	3
28	3	0.0	1	3
29	5	0.0	1	5
30	6	0.0	1	6
31	1	0.0	1	0 1
32	1	0.0	1	1
33	2	0.0	1	2
34	5	0.0	1	5
35	3	0.0	1	2 1
36	5	0.0	1	4 1
37	1	0.0	1	1
38	1	0.0	1	1
39	2	0.0	1	2
40	3	0.0	1	2 1
41	3	0.0	1	3
42	1	0.0	1	1
43	2	0.0	1	2
44	3	0.0	1	3
45	3	0.0	1	3
46	1	0.0	1	1
47	1	0.0	1	1
48	1	0.0	1	1
49	1	0.0	1	1
50	1	0.0	1	1
52	2	0.0	1	2
53	1	0.0	1	1
54	1	0.0	1	1
69	10	0.0	1	3 7
70	5	0.0	1	5
71	1	0.0	1	1
80	1	0.0	1	0 1
82	2	0.0	1	1 1
91	1	0.0	1	0 1


=== Second read: Adapter 2 ===

Sequence: AGATCGGAAGAGC; Type: regular 3'; Length: 13; Trimmed: 246 times

Minimum overlap: 3
No. of allowed errors:
1-9 bp: 0; 10-13 bp: 1

Bases preceding removed adapters:
  A: 35.4%
  C: 24.0%
  G: 1.2%
  T: 38.6%
  none/other: 0.8%

Overview of removed sequences
length	count	expect	max.err	error counts
3	33	1562.5	0	33
4	10	390.6	0	10
5	14	97.7	0	14
6	10	24.4	0	10
7	7	6.1	0	7
8	7	1.5	0	7
9	16	0.4	0	16
10	8	0.1	1	8
11	4	0.0	1	4
12	9	0.0	1	9
13	7	0.0	1	7
14	8	0.0	1	8
15	5	0.0	1	5
16	3	0.0	1	2 1
17	6	0.0	1	6
18	2	0.0	1	2
19	4	0.0	1	4
20	5	0.0	1	4 1
21	7	0.0	1	7
22	3	0.0	1	3
23	5	0.0	1	4 1
24	4	0.0	1	3 1
25	7	0.0	1	7
26	2	0.0	1	2
27	4	0.0	1	3 1
28	3	0.0	1	3
29	3	0.0	1	3
30	9	0.0	1	8 1
31	2	0.0	1	2
33	2	0.0	1	2
34	3	0.0	1	2 1
35	3	0.0	1	3
36	4	0.0	1	4
37	1	0.0	1	1
38	1	0.0	1	1
39	1	0.0	1	1
40	3	0.0	1	3
41	2	0.0	1	2
42	2	0.0	1	2
43	2	0.0	1	2
44	3	0.0	1	3
45	2	0.0	1	2
49	1	0.0	1	1
52	1	0.0	1	1
63	3	0.0	1	2 1
64	2	0.0	1	2
65	2	0.0	1	2
77	1	0.0	1	1
